make.exe all --print-data-base --no-builtin-variables --no-builtin-rules --question
# GNU Make 3.81
# Copyright (C) 2006  Free Software Foundation, Inc.
# This is free software; see the source for copying conditions.
# There is NO warranty; not even for MERCHANTABILITY or FITNESS FOR A
# PARTICULAR PURPOSE.

# This program built for i386-pc-mingw32
 

# Make data base, printed on Thu May 19 08:08:07 2022

# Variables

# automatic
<D = $(patsubst %/,%,$(dir $<))
# automatic
?F = $(notdir $?)
# makefile
MAKEFLAGS = Rrqp
# environment
VSCODE_LOG_NATIVE = false
# automatic
?D = $(patsubst %/,%,$(dir $?))
# automatic
@D = $(patsubst %/,%,$(dir $@))
# environment
HOMEDRIVE = C:
# automatic
@F = $(notdir $@)
# automatic
^D = $(patsubst %/,%,$(dir $^))
# makefile
CURDIR := e:/Dattbayo/Web dev/react/terminal-chat-web-client
# default
SHELL := sh.exe
# environment
WINDIR = C:\Windows
# environment
VSCODE_NLS_CONFIG = {"locale":"en-us","availableLanguages":{},"_languagePackSupport":true}
# environment
NVM_HOME = C:\Users\kashy\AppData\Roaming\nvm
# environment
PATHEXT = .COM;.EXE;.BAT;.CMD;.VBS;.VBE;.JS;.JSE;.WSF;.WSH;.MSC
# makefile (from `makefile', line 1)
MAKEFILE_LIST :=  makefile
# environment
TMP = C:\Users\kashy\AppData\Local\Temp
# environment
VSCODE_VERBOSE_LOGGING = true
# environment
PROGRAMW6432 = C:\Program Files
# environment
NVM_SYMLINK = C:\Program Files\nodejs
# environment
PROGRAMDATA = C:\ProgramData
# environment
VSCODE_IPC_HOOK_EXTHOST = \\.\pipe\vscode-ipc-bbe7a676-8787-4fb8-a5d2-98ba1a7cc5f0-sock
# environment
VSCODE_CWD = C:\Users\kashy\AppData\Local\Programs\Microsoft VS Code
# environment
PATH = C:\Program Files (x86)\Microsoft SDKs\Azure\CLI2\wbin;C:\Windows\system32;C:\Windows;C:\Windows\System32\Wbem;C:\Windows\System32\WindowsPowerShell\v1.0\;C:\Windows\System32\OpenSSH\;C:\Program Files\dotnet\;C:\Program Files\Git\cmd;C:\Program Files\Go\bin;C:\Users\kashy\AppData\Roaming\nvm;C:\Program Files\nodejs;;C:\Program Files\Docker\Docker\resources\bin;C:\ProgramData\DockerDesktop\version-bin;C:\ProgramData\chocolatey\bin;C:\Users\kashy\AppData\Local\Microsoft\WindowsApps;C:\Users\kashy\AppData\Local\Programs\Microsoft VS Code\bin;C:\Users\kashy\AppData\Roaming\npm;C:\Users\kashy\.dotnet\tools;C:\Users\kashy\go\bin;C:\Users\kashy\AppData\Local\Programs\oh-my-posh\bin;C:\Users\kashy\AppData\Local\Programs\oh-my-posh\themes;C:\Program Files\heroku\bin;C:\Users\kashy\AppData\Local\Packages\PythonSoftwareFoundation.Python.3.9_qbz5n2kfra8p0\LocalCache\local-packages\Python39\Scripts;C:\Users\kashy\AppData\Local\Packages\PythonSoftwareFoundation.Python.3.9_qbz5n2kfra8p0\LocalCache\local-packages\Python39\Scripts;C:\Program Files\CodeBlocks\MinGW\bin;C:\Tweaks;C:\Tools;C:\Program Files\MongoDB\Server\5.0\bin;C:\Users\kashy\AppData\Roaming\nvm;C:\Program Files\nodejs;C:\Program Files\Unity\Hub\Editor\2021.2.7f1\Editor\Data\PlaybackEngines\AndroidPlayer\OpenJDK\bin;C:\Tools\proto\bin;C:\Program Files (x86)\GnuWin32\bin;C:\Users\kashy\AppData\Local\Programs\Bicep CLI;C:\Users\kashy\.fly\bin
# environment
COMMONPROGRAMW6432 = C:\Program Files\Common Files
# environment
CHOCOLATEYLASTPATHUPDATE = 132952559180810858
# environment
PROCESSOR_ARCHITECTURE = x86
# environment
ONEDRIVE = C:\Users\kashy\OneDrive
# environment
USERPROFILE = C:\Users\kashy
# environment
CHOCOLATEYINSTALL = C:\ProgramData\chocolatey
# environment
ALLUSERSPROFILE = C:\ProgramData
# environment
GOPATH = C:\Users\kashy\go
# environment
VSCODE_LOG_STACK = false
# environment
NUMBER_OF_PROCESSORS = 8
# environment
ELECTRON_RUN_AS_NODE = 1
# default
.FEATURES := target-specific order-only second-expansion else-if archives
# automatic
%F = $(notdir $%)
# environment
CHROME_CRASHPAD_PIPE_NAME = \\.\pipe\crashpad_11680_PNHFLIZRBUOXDILY
# environment
VSCODE_PIPE_LOGGING = true
# environment
COMPUTERNAME = DESKTOP-FSGGEIQ
# environment
PROGRAMFILES = C:\Program Files (x86)
# environment
DRIVERDATA = C:\Windows\System32\Drivers\DriverData
# environment
ORIGINAL_XDG_CURRENT_DESKTOP = undefined
# environment
USERNAME = kashy
# environment
PUBLIC = C:\Users\Public
# environment
VSCODE_AMD_ENTRYPOINT = vs/workbench/api/node/extensionHostProcess
# environment
VSCODE_CODE_CACHE_PATH = C:\Users\kashy\AppData\Roaming\Code\CachedData\c3511e6c69bb39013c4a4b7b9566ec1ca73fc4d5
# environment
APPLICATION_INSIGHTS_NO_DIAGNOSTIC_CHANNEL = 1
# environment
COMMONPROGRAMFILES = C:\Program Files (x86)\Common Files
# environment
LOGONSERVER = \\DESKTOP-FSGGEIQ
# environment
ONEDRIVECONSUMER = C:\Users\kashy\OneDrive
# environment
VSCODE_HANDLES_UNCAUGHT_ERRORS = true
# environment
USERDOMAIN = DESKTOP-FSGGEIQ
# default
MAKE = $(MAKE_COMMAND)
# default
MAKECMDGOALS := all
# default
MAKE_VERSION := 3.81
# makefile
.DEFAULT_GOAL := gen
# environment
PROGRAMFILES(X86) = C:\Program Files (x86)
# automatic
%D = $(patsubst %/,%,$(dir $%))
# environment
LOCALAPPDATA = C:\Users\kashy\AppData\Local
# environment
PSMODULEPATH = C:\Program Files\WindowsPowerShell\Modules;C:\Windows\system32\WindowsPowerShell\v1.0\Modules
# default
MAKE_COMMAND := make.exe
# environment
PROCESSOR_ARCHITEW6432 = AMD64
# default
.VARIABLES := 
# automatic
*F = $(notdir $*)
# environment
PROCESSOR_IDENTIFIER = AMD64 Family 23 Model 17 Stepping 0, AuthenticAMD
# environment
OS = Windows_NT
# environment
VSCODE_IPC_HOOK = \\.\pipe\be1502c6fbfe7eaa168f81398d246be7-1.67.2-main-sock
# environment
HOMEPATH = \Users\kashy
# environment
COMMONPROGRAMFILES(X86) = C:\Program Files (x86)\Common Files
# environment
PROMPT = $P$G
# environment
MFLAGS = -Rrqp
# automatic
*D = $(patsubst %/,%,$(dir $*))
# environment
SYSTEMROOT = C:\Windows
# automatic
+D = $(patsubst %/,%,$(dir $+))
# automatic
+F = $(notdir $+)
# environment
APPDATA = C:\Users\kashy\AppData\Roaming
# environment
__COMPAT_LAYER = DetectorsAppHealth
# environment
TEMP = C:\Users\kashy\AppData\Local\Temp
# environment
COMSPEC = C:\Windows\system32\cmd.exe
# default
MAKEFILES := 
# automatic
<F = $(notdir $<)
# environment
LC_ALL = C
# automatic
^F = $(notdir $^)
# default
SUFFIXES := 
# environment
SYSTEMDRIVE = C:
# environment
SESSIONNAME = Console
# environment
PROCESSOR_REVISION = 1100
# environment
MAKELEVEL := 0
# environment
LANG = C
# environment
PROCESSOR_LEVEL = 23
# environment
VSCODE_PID = 11680
# environment
USERDOMAIN_ROAMINGPROFILE = DESKTOP-FSGGEIQ
# variable set hash-table stats:
# Load=93/1024=9%, Rehash=0, Collisions=10/113=9%

# Pattern-specific Variable Values

# No pattern-specific variable values.

# Directories

# : could not be stat'd.
# C:\Program Files\heroku\bin (key C:/Program Files/heroku/bin, mtime 1643631610): 4 files, no impossibilities.
# C:\Tools\proto\bin (key C:/Tools/proto/bin, mtime 1648245140): 3 files, no impossibilities.
# C:\Program Files\Docker\Docker\resources\bin (key C:/Program Files/Docker/Docker/resources/bin, mtime 1649400865): 13 files, no impossibilities.
# C:\Users\kashy\AppData\Roaming\nvm (key C:/Users/kashy/AppData/Roaming/nvm, mtime 1650986409): 13 files, no impossibilities.
# C:\Program Files\Go\bin (key C:/Program Files/Go/bin, mtime 1643293020): 4 files, no impossibilities.
# C:\Users\kashy\AppData\Local\Programs\oh-my-posh\bin (key C:/Users/kashy/AppData/Local/Programs/oh-my-posh/bin, mtime 1643298482): 3 files, no impossibilities.
# C:\Windows\System32\WindowsPowerShell\v1.0\ (key C:/Windows/System32/WindowsPowerShell/v1.0/, mtime 1633528696): 30 files, no impossibilities.
# C:\Windows\System32\Wbem (key C:/Windows/System32/Wbem, mtime 1646978114): 154 files, no impossibilities.
# . (key e:/Dattbayo/Web dev/react/terminal-chat-web-client, mtime 1652898803): 19 files, no impossibilities.
# C:\Users\kashy\AppData\Local\Programs\oh-my-posh\themes (key C:/Users/kashy/AppData/Local/Programs/oh-my-posh/themes, mtime 1643298483): 82 files, no impossibilities.
# C:\Users\kashy\AppData\Local\Packages\PythonSoftwareFoundation.Python.3.9_qbz5n2kfra8p0\LocalCache\local-packages\Python39\Scripts (key C:/Users/kashy/AppData/Local/Packages/PythonSoftwareFoundation.Python.3.9_qbz5n2kfra8p0/LocalCache/local-packages/Python39/Scripts, mtime 1652873833): 32 files, no impossibilities.
# C:\Users\kashy\AppData\Local\Microsoft\WindowsApps (key C:/Users/kashy/AppData/Local/Microsoft/WindowsApps, mtime 1652876793): 34 files, no impossibilities.
# C:\Program Files\CodeBlocks\MinGW\bin (key C:/Program Files/CodeBlocks/MinGW/bin, mtime 1644162366): 58 files, no impossibilities.
# C:\ProgramData\chocolatey\bin (key C:/ProgramData/chocolatey/bin, mtime 1650782406): 12 files, no impossibilities.
# C:\Program Files\dotnet\ (key C:/Program Files/dotnet/, mtime 1650100676): 13 files, no impossibilities.
# C:\Program Files\nodejs (key C:/Program Files/nodejs, mtime 1652190893): 16 files, no impossibilities.
# C:\Users\kashy\go\bin (key C:/Users/kashy/go/bin, mtime 1651850776): 11 files, no impossibilities.
# C:\Windows\System32\OpenSSH\: could not be stat'd.
# C:\Users\kashy\AppData\Local\Programs\Microsoft VS Code\bin (key C:/Users/kashy/AppData/Local/Programs/Microsoft VS Code/bin, mtime 1652897497): 4 files, no impossibilities.
# C:\Windows (key C:/Windows, mtime 1652469488): 108 files, no impossibilities.
# C:\Tools (key C:/Tools, mtime 1652461237): 8 files, no impossibilities.
# C:\Program Files\Unity\Hub\Editor\2021.2.7f1\Editor\Data\PlaybackEngines\AndroidPlayer\OpenJDK\bin (key C:/Program Files/Unity/Hub/Editor/2021.2.7f1/Editor/Data/PlaybackEngines/AndroidPlayer/OpenJDK/bin, mtime 1640785085): 50 files, no impossibilities.
# C:\Tweaks (key C:/Tweaks, mtime 1648365859): 5 files, no impossibilities.
# C:\ProgramData\DockerDesktop\version-bin: could not be stat'd.
# C:\Program Files\Git\cmd (key C:/Program Files/Git/cmd, mtime 1641838133): 8 files, no impossibilities.
# C:\Windows\system32 (key C:/Windows/system32, mtime 1652470243): 2859 files, no impossibilities.
# C:\Program Files\MongoDB\Server\5.0\bin (key C:/Program Files/MongoDB/Server/5.0/bin, mtime 1644671912): 9 files, no impossibilities.
# C:\Program Files (x86)\Microsoft SDKs\Azure\CLI2\wbin (key C:/Program Files (x86)/Microsoft SDKs/Azure/CLI2/wbin, mtime 1651512305): 4 files, no impossibilities.
# C:\Users\kashy\.fly\bin (key C:/Users/kashy/.fly/bin, mtime 1651902290): 5 files, no impossibilities.
# C:\Users\kashy\AppData\Local\Programs\Bicep CLI (key C:/Users/kashy/AppData/Local/Programs/Bicep CLI, mtime 1651851271): 9 files, no impossibilities.
# C:\Users\kashy\AppData\Roaming\npm (key C:/Users/kashy/AppData/Roaming/npm, mtime 1651726778): 36 files, no impossibilities.
# C:\Users\kashy\.dotnet\tools: could not be stat'd.
# C:\Program Files (x86)\GnuWin32\bin (key C:/Program Files (x86)/GnuWin32/bin, mtime 1648362483): 5 files, no impossibilities.

# 3611 files, no impossibilities in 34 directories.

# Implicit Rules

# No implicit rules.

# Files

rmComp:
#  Implicit rule search has not been done.
#  Modification time never checked.
#  File has not been updated.
#  commands to execute (from `makefile', line 17):
	rm -r .\src\components\$(name)
	

# Not a target:
all:
#  Command-line target.
#  Implicit rule search has been done.
#  File does not exist.
#  File has not been updated.
# variable set hash-table stats:
# Load=0/32=0%, Rehash=0, Collisions=0/0=0%

# Not a target:
.DEFAULT:
#  Implicit rule search has not been done.
#  Modification time never checked.
#  File has not been updated.

copy:
#  Implicit rule search has not been done.
#  Modification time never checked.
#  File has not been updated.
#  commands to execute (from `makefile', line 7):
	cp C:\Users\kashy\GolandProjects\terminalChatServer\proto\chat.proto 'E:\Dattbayo\Web dev\react\terminal-chat-web-client\proto\'
	

gen:
#  Implicit rule search has not been done.
#  Modification time never checked.
#  File has not been updated.
#  commands to execute (from `makefile', line 2):
	protoc -I=. ./proto/*.proto \
	--js_out=import_style=commonjs:./src \
	--grpc-web_out=import_style=typescript,mode=grpcwebtext:./src
	

# Not a target:
makefile:
#  Implicit rule search has been done.
#  Last modified 2022-05-15 16:47:23
#  File has been updated.
#  Successfully updated.
# variable set hash-table stats:
# Load=0/32=0%, Rehash=0, Collisions=0/0=0%

component:
#  Implicit rule search has not been done.
#  Modification time never checked.
#  File has not been updated.
#  commands to execute (from `makefile', line 11):
	mkdir .\src\components\$(name)
	(echo import $(name) from './$(name)'; & echo. & echo export default $(name);) > .\src\components\$(name)\index.ts
	echo. > .\src\components\$(name)\$(name).tsx
	echo. > .\src\components\$(name)\$(name).css
	

# Not a target:
.SUFFIXES:
#  Implicit rule search has not been done.
#  Modification time never checked.
#  File has not been updated.

# files hash-table stats:
# Load=8/1024=1%, Rehash=0, Collisions=0/19=0%
# VPATH Search Paths

# No `vpath' search paths.

# No general (`VPATH' variable) search path.

# # of strings in strcache: 1
# # of strcache buffers: 1
# strcache size: total = 4096 / max = 4096 / min = 4096 / avg = 4096
# strcache free: total = 4087 / max = 4087 / min = 4087 / avg = 4087

# Finished Make data base on Thu May 19 08:08:07 2022

 
make.exe: *** No rule to make target `all'.  Stop.

